Using pre-set license
Built from '2020.3/staging' branch; Version is '2020.3.38f1 (8f5fde82e2dc) revision 9396190'; Using compiler version '192528614'; Build Type 'Release'
OS: 'Windows 10  (10.0.19044) 64bit Core' Language: 'en' Physical Memory: 24493 MB
BatchMode: 1, IsHumanControllingUs: 0, StartBugReporterOnCrash: 0, Is64bit: 1, IsPro: 0

COMMAND LINE ARGUMENTS:
C:\Program Files\Unity\Hub\Editor\2020.3.38f1\Editor\Unity.exe
-adb2
-batchMode
-noUpm
-name
AssetImportWorker0
-projectPath
D:/Unity_Projects/InventorySystemApplication
-logFile
Logs/AssetImportWorker0.log
-srvPort
65313
Successfully changed project path to: D:/Unity_Projects/InventorySystemApplication
D:/Unity_Projects/InventorySystemApplication
Using Asset Import Pipeline V2.
Refreshing native plugins compatible for Editor in 23.65 ms, found 2 plugins.
Preloading 0 native plugins for Editor in 0.00 ms.
Initialize engine version: 2020.3.38f1 (8f5fde82e2dc)
[Subsystems] Discovering subsystems at path C:/Program Files/Unity/Hub/Editor/2020.3.38f1/Editor/Data/Resources/UnitySubsystems
[Subsystems] Discovering subsystems at path D:/Unity_Projects/InventorySystemApplication/Assets
GfxDevice: creating device client; threaded=0
Direct3D:
    Version:  Direct3D 11.0 [level 11.1]
    Renderer: NVIDIA GeForce RTX 3060 Ti (ID=0x2486)
    Vendor:   
    VRAM:     8050 MB
    Driver:   31.0.15.1694
Initialize mono
Mono path[0] = 'C:/Program Files/Unity/Hub/Editor/2020.3.38f1/Editor/Data/Managed'
Mono path[1] = 'C:/Program Files/Unity/Hub/Editor/2020.3.38f1/Editor/Data/MonoBleedingEdge/lib/mono/unityjit'
Mono config path = 'C:/Program Files/Unity/Hub/Editor/2020.3.38f1/Editor/Data/MonoBleedingEdge/etc'
Using monoOptions --debugger-agent=transport=dt_socket,embedding=1,server=y,suspend=n,address=127.0.0.1:56260
Begin MonoManager ReloadAssembly
Registering precompiled unity dll's ...
Register platform support module: C:/Program Files/Unity/Hub/Editor/2020.3.38f1/Editor/Data/PlaybackEngines/WebGLSupport/UnityEditor.WebGL.Extensions.dll
Register platform support module: C:/Program Files/Unity/Hub/Editor/2020.3.38f1/Editor/Data/PlaybackEngines/MacStandaloneSupport/UnityEditor.OSXStandalone.Extensions.dll
Register platform support module: C:/Program Files/Unity/Hub/Editor/2020.3.38f1/Editor/Data/PlaybackEngines/WindowsStandaloneSupport/UnityEditor.WindowsStandalone.Extensions.dll
Register platform support module: C:/Program Files/Unity/Hub/Editor/2020.3.38f1/Editor/Data/PlaybackEngines/LinuxStandaloneSupport/UnityEditor.LinuxStandalone.Extensions.dll
Registered in 0.002438 seconds.
Native extension for LinuxStandalone target not found
Native extension for WindowsStandalone target not found
Native extension for OSXStandalone target not found
Native extension for WebGL target not found
Refreshing native plugins compatible for Editor in 22.62 ms, found 2 plugins.
Preloading 0 native plugins for Editor in 0.00 ms.
Mono: successfully reloaded assembly
- Completed reload, in  0.382 seconds
Domain Reload Profiling:
	ReloadAssembly (382ms)
		BeginReloadAssembly (46ms)
			ExecutionOrderSort (0ms)
			DisableScriptedObjects (0ms)
			BackupInstance (0ms)
			ReleaseScriptingObjects (0ms)
			CreateAndSetChildDomain (1ms)
		EndReloadAssembly (287ms)
			LoadAssemblies (45ms)
			RebuildTransferFunctionScriptingTraits (0ms)
			SetupTypeCache (89ms)
			ReleaseScriptCaches (0ms)
			RebuildScriptCaches (19ms)
			SetupLoadedEditorAssemblies (110ms)
				LogAssemblyErrors (0ms)
				InitializePlatformSupportModulesInManaged (5ms)
				SetLoadedEditorAssemblies (0ms)
				RefreshPlugins (23ms)
				BeforeProcessingInitializeOnLoad (9ms)
				ProcessInitializeOnLoadAttributes (55ms)
				ProcessInitializeOnLoadMethodAttributes (17ms)
				AfterProcessingInitializeOnLoad (0ms)
				EditorAssembliesLoaded (0ms)
			ExecutionOrderSort2 (0ms)
			AwakeInstancesAfterBackupRestoration (0ms)
Platform modules already initialized, skipping
Registering precompiled user dll's ...
Registered in 0.001333 seconds.
Begin MonoManager ReloadAssembly
Native extension for LinuxStandalone target not found
Native extension for WindowsStandalone target not found
Native extension for OSXStandalone target not found
Native extension for WebGL target not found
Refreshing native plugins compatible for Editor in 0.34 ms, found 2 plugins.
Preloading 0 native plugins for Editor in 0.00 ms.
Mono: successfully reloaded assembly
- Completed reload, in  0.634 seconds
Domain Reload Profiling:
	ReloadAssembly (635ms)
		BeginReloadAssembly (99ms)
			ExecutionOrderSort (0ms)
			DisableScriptedObjects (3ms)
			BackupInstance (0ms)
			ReleaseScriptingObjects (0ms)
			CreateAndSetChildDomain (15ms)
		EndReloadAssembly (496ms)
			LoadAssemblies (62ms)
			RebuildTransferFunctionScriptingTraits (0ms)
			SetupTypeCache (160ms)
			ReleaseScriptCaches (0ms)
			RebuildScriptCaches (26ms)
			SetupLoadedEditorAssemblies (203ms)
				LogAssemblyErrors (0ms)
				InitializePlatformSupportModulesInManaged (5ms)
				SetLoadedEditorAssemblies (0ms)
				RefreshPlugins (0ms)
				BeforeProcessingInitializeOnLoad (52ms)
				ProcessInitializeOnLoadAttributes (130ms)
				ProcessInitializeOnLoadMethodAttributes (9ms)
				AfterProcessingInitializeOnLoad (5ms)
				EditorAssembliesLoaded (0ms)
			ExecutionOrderSort2 (0ms)
			AwakeInstancesAfterBackupRestoration (1ms)
Platform modules already initialized, skipping
========================================================================
Worker process is ready to serve import requests
Launched and connected shader compiler UnityShaderCompiler.exe after 0.04 seconds
Refreshing native plugins compatible for Editor in 0.35 ms, found 2 plugins.
Preloading 0 native plugins for Editor in 0.00 ms.
Unloading 1586 Unused Serialized files (Serialized files now loaded: 0)
System memory in use before: 86.9 MB.
System memory in use after: 86.9 MB.

Unloading 17 unused Assets to reduce memory usage. Loaded Objects now: 2042.
Total: 2.012800 ms (FindLiveObjects: 0.117900 ms CreateObjectMapping: 0.030000 ms MarkObjects: 1.784100 ms  DeleteObjects: 0.080300 ms)

AssetImportParameters requested are different than current active one (requested -> active):
  custom:framework-win-MediaFoundation: 216162199b28c13a410421893ffa2e32 -> 
  custom:video-decoder-ogg-theora: a1e56fd34408186e4bbccfd4996cb3dc -> 
  custom:container-muxer-webm: aa71ff27fc2769a1b78a27578f13a17b -> 
  custom:container-demuxer-webm: 4f35f7cbe854078d1ac9338744f61a02 -> 
  custom:container-demuxer-ogg: 62fdf1f143b41e24485cea50d1cbac27 -> 
  custom:video-encoder-webm-vp8: eb34c28f22e8b96e1ab97ce403110664 -> 
  custom:video-decoder-webm-vp8: 9c59270c3fd7afecdb556c50c9e8de78 -> 
  custom:audio-decoder-ogg-vorbis: bf7c407c2cedff20999df2af8eb42d56 -> 
  custom:audio-encoder-webm-vorbis: bf7c407c2cedff20999df2af8eb42d56 -> 
========================================================================
Received Import Request.
  path: Assets/TextMesh Pro/Fonts
  artifactKey: Guid(6ab70aee4d56447429c680537fbf93ed) Importer(815301076,1909f56bfc062723c751e8b465ee728b)
Start importing Assets/TextMesh Pro/Fonts using Guid(6ab70aee4d56447429c680537fbf93ed) Importer(815301076,1909f56bfc062723c751e8b465ee728b)  -> (artifact id: 'c860dfdf0522eec1202f36843e52d436') in 0.005831 seconds 
========================================================================
Received Import Request.
  Time since last request: 107.605682 seconds.
  path: Assets/TextMesh Pro/Fonts/Milky Coffee.ttf
  artifactKey: Guid(34063ea3f33d08d428c8328cd805b9c5) Importer(815301076,1909f56bfc062723c751e8b465ee728b)
Start importing Assets/TextMesh Pro/Fonts/Milky Coffee.ttf using Guid(34063ea3f33d08d428c8328cd805b9c5) Importer(815301076,1909f56bfc062723c751e8b465ee728b)  -> (artifact id: '56290a2f30e8f547c5d92147b0a84fa4') in 0.076417 seconds 
========================================================================
Received Import Request.
  Time since last request: 12.655065 seconds.
  path: Assets/TextMesh Pro/Fonts/LiberationSans - OFL.txt
  artifactKey: Guid(6e59c59b81ab47f9b6ec5781fa725d2c) Importer(815301076,1909f56bfc062723c751e8b465ee728b)
Start importing Assets/TextMesh Pro/Fonts/LiberationSans - OFL.txt using Guid(6e59c59b81ab47f9b6ec5781fa725d2c) Importer(815301076,1909f56bfc062723c751e8b465ee728b)  -> (artifact id: 'd8ed59a48b952935c94a9302b2b79e3d') in 0.007319 seconds 
========================================================================
Received Import Request.
  Time since last request: 46.606071 seconds.
  path: Assets/TextMesh Pro/Fonts/Milky Coffee SDF.asset
  artifactKey: Guid(8d541c3c56a30914b8a13a8e3ed2a66c) Importer(815301076,1909f56bfc062723c751e8b465ee728b)
Start importing Assets/TextMesh Pro/Fonts/Milky Coffee SDF.asset using Guid(8d541c3c56a30914b8a13a8e3ed2a66c) Importer(815301076,1909f56bfc062723c751e8b465ee728b)  -> (artifact id: '74f43805e1f963d5c9f284e541681d2b') in 0.031363 seconds 
========================================================================
Received Import Request.
  Time since last request: 490.868290 seconds.
  path: Assets/TextMesh Pro/Fonts/11S01BlackTuesdayOffset-yLwM.ttf
  artifactKey: Guid(9952ede54e0bf344c81b6de497c4a094) Importer(815301076,1909f56bfc062723c751e8b465ee728b)
Start importing Assets/TextMesh Pro/Fonts/11S01BlackTuesdayOffset-yLwM.ttf using Guid(9952ede54e0bf344c81b6de497c4a094) Importer(815301076,1909f56bfc062723c751e8b465ee728b)  -> (artifact id: 'e59b0423b64374cba281737fb373f828') in 0.009469 seconds 
========================================================================
Received Import Request.
  Time since last request: 8.287008 seconds.
  path: Assets/TextMesh Pro/Fonts/11S01BlackTuesdayOffset-yLwM SDF.asset
  artifactKey: Guid(14fa9508ec98dc44bb6848af8dc56bcc) Importer(815301076,1909f56bfc062723c751e8b465ee728b)
Start importing Assets/TextMesh Pro/Fonts/11S01BlackTuesdayOffset-yLwM SDF.asset using Guid(14fa9508ec98dc44bb6848af8dc56bcc) Importer(815301076,1909f56bfc062723c751e8b465ee728b)  -> (artifact id: '5b1907bc8ddfb1caccea1cb9b9426d19') in 0.013456 seconds 
========================================================================
Received Import Request.
  Time since last request: 37.319327 seconds.
  path: Assets/TextMesh Pro/Fonts/BlackTuesdayItalic-5X1G.ttf
  artifactKey: Guid(09e5d287cc81570489da4cffd69d2230) Importer(815301076,1909f56bfc062723c751e8b465ee728b)
Start importing Assets/TextMesh Pro/Fonts/BlackTuesdayItalic-5X1G.ttf using Guid(09e5d287cc81570489da4cffd69d2230) Importer(815301076,1909f56bfc062723c751e8b465ee728b)  -> (artifact id: '4e23bc77a4214e2a820a936ae7dfd5bc') in 0.017667 seconds 
========================================================================
Received Import Request.
  Time since last request: 11.203293 seconds.
  path: Assets/TextMesh Pro/Fonts/11S01BlackTuesdayOffset-yLwM SDF.asset
  artifactKey: Guid(14fa9508ec98dc44bb6848af8dc56bcc) Importer(815301076,1909f56bfc062723c751e8b465ee728b)
Start importing Assets/TextMesh Pro/Fonts/11S01BlackTuesdayOffset-yLwM SDF.asset using Guid(14fa9508ec98dc44bb6848af8dc56bcc) Importer(815301076,1909f56bfc062723c751e8b465ee728b)  -> (artifact id: 'aba3f69fb4c7fb79bf7c1eac72a2d928') in 0.012874 seconds 
========================================================================
Received Import Request.
  Time since last request: 0.000435 seconds.
  path: Assets/TextMesh Pro/Fonts/BlackTuesdayItalic-5X1G SDF.asset
  artifactKey: Guid(14fe7ab8fd00c5843802a02b866347b3) Importer(815301076,1909f56bfc062723c751e8b465ee728b)
Start importing Assets/TextMesh Pro/Fonts/BlackTuesdayItalic-5X1G SDF.asset using Guid(14fe7ab8fd00c5843802a02b866347b3) Importer(815301076,1909f56bfc062723c751e8b465ee728b)  -> (artifact id: '3612000be2b3bc6c983e001837e0a7ba') in 0.014443 seconds 
========================================================================
Received Import Request.
  Time since last request: 60.682952 seconds.
  path: Assets/TextMesh Pro/Fonts/Qaz-ZV74m.ttf
  artifactKey: Guid(567a2ed95fad1b94cb44f324edea09b1) Importer(815301076,1909f56bfc062723c751e8b465ee728b)
Start importing Assets/TextMesh Pro/Fonts/Qaz-ZV74m.ttf using Guid(567a2ed95fad1b94cb44f324edea09b1) Importer(815301076,1909f56bfc062723c751e8b465ee728b)  -> (artifact id: 'f2056c6a3078f2573cee0bdaf7a227f8') in 0.015806 seconds 
========================================================================
Received Import Request.
  Time since last request: 4.397690 seconds.
  path: Assets/TextMesh Pro/Fonts/BlackTuesdayItalic-5X1G SDF.asset
  artifactKey: Guid(14fe7ab8fd00c5843802a02b866347b3) Importer(815301076,1909f56bfc062723c751e8b465ee728b)
Start importing Assets/TextMesh Pro/Fonts/BlackTuesdayItalic-5X1G SDF.asset using Guid(14fe7ab8fd00c5843802a02b866347b3) Importer(815301076,1909f56bfc062723c751e8b465ee728b)  -> (artifact id: '3ffcb01c54814b8b325f1b0c113c7057') in 0.013948 seconds 
========================================================================
Received Import Request.
  Time since last request: 0.000435 seconds.
  path: Assets/TextMesh Pro/Fonts/Qaz-ZV74m SDF.asset
  artifactKey: Guid(12a26d75abcc8be4d8c4362cb160780c) Importer(815301076,1909f56bfc062723c751e8b465ee728b)
Start importing Assets/TextMesh Pro/Fonts/Qaz-ZV74m SDF.asset using Guid(12a26d75abcc8be4d8c4362cb160780c) Importer(815301076,1909f56bfc062723c751e8b465ee728b)  -> (artifact id: 'fb45882aa76d42e45759c572806c329a') in 0.015985 seconds 
========================================================================
Received Import Request.
  Time since last request: 8.346438 seconds.
  path: Assets/TextMesh Pro/Fonts/11S01BlackTuesdayOffset-yLwM 1.ttf
  artifactKey: Guid(9914c63d2c41512479f7d5542296323d) Importer(815301076,1909f56bfc062723c751e8b465ee728b)
Start importing Assets/TextMesh Pro/Fonts/11S01BlackTuesdayOffset-yLwM 1.ttf using Guid(9914c63d2c41512479f7d5542296323d) Importer(815301076,1909f56bfc062723c751e8b465ee728b)  -> (artifact id: '27a3538e1b0965f2bb85408f41fc4cd1') in 0.023934 seconds 
========================================================================
Received Import Request.
  Time since last request: 0.000403 seconds.
  path: Assets/TextMesh Pro/Fonts/Qaz-ZV74m SDF.asset
  artifactKey: Guid(12a26d75abcc8be4d8c4362cb160780c) Importer(815301076,1909f56bfc062723c751e8b465ee728b)
Start importing Assets/TextMesh Pro/Fonts/Qaz-ZV74m SDF.asset using Guid(12a26d75abcc8be4d8c4362cb160780c) Importer(815301076,1909f56bfc062723c751e8b465ee728b)  -> (artifact id: 'e10f61c2e4e8fdc9570865ae94bbdbaf') in 0.107571 seconds 
========================================================================
Received Import Request.
  Time since last request: 0.000419 seconds.
  path: Assets/TextMesh Pro/Fonts/11S01BlackTuesdayOffset-yLwM SDF 1.asset
  artifactKey: Guid(336cfbabd569be24c92a56b8a2ee12a9) Importer(815301076,1909f56bfc062723c751e8b465ee728b)
Start importing Assets/TextMesh Pro/Fonts/11S01BlackTuesdayOffset-yLwM SDF 1.asset using Guid(336cfbabd569be24c92a56b8a2ee12a9) Importer(815301076,1909f56bfc062723c751e8b465ee728b)  -> (artifact id: 'f938b94f8727618acb5fa5da920060ed') in 0.020021 seconds 
========================================================================
Received Import Request.
  Time since last request: 0.000428 seconds.
  path: Assets/TextMesh Pro/Fonts/BlackTuesdayItalic-5X1G SDF 1.asset
  artifactKey: Guid(5e5f2810718a0a84d803b4188ab46882) Importer(815301076,1909f56bfc062723c751e8b465ee728b)
Start importing Assets/TextMesh Pro/Fonts/BlackTuesdayItalic-5X1G SDF 1.asset using Guid(5e5f2810718a0a84d803b4188ab46882) Importer(815301076,1909f56bfc062723c751e8b465ee728b)  -> (artifact id: '56a101e5713d4901852f060eaa05caef') in 0.026421 seconds 
========================================================================
Received Import Request.
  Time since last request: 269.442747 seconds.
  path: Assets/Scenes/Main Level.unity
  artifactKey: Guid(9fc0d4010bbf28b4594072e72b8655ab) Importer(815301076,1909f56bfc062723c751e8b465ee728b)
Start importing Assets/Scenes/Main Level.unity using Guid(9fc0d4010bbf28b4594072e72b8655ab) Importer(815301076,1909f56bfc062723c751e8b465ee728b)  -> (artifact id: 'ea50bd72a7274c2323247c059c673790') in 0.003969 seconds 
========================================================================
Received Prepare
Registering precompiled user dll's ...
Registered in 0.001160 seconds.
Begin MonoManager ReloadAssembly
Native extension for LinuxStandalone target not found
Native extension for WindowsStandalone target not found
Native extension for OSXStandalone target not found
Native extension for WebGL target not found
Refreshing native plugins compatible for Editor in 0.34 ms, found 2 plugins.
Preloading 0 native plugins for Editor in 0.00 ms.
Mono: successfully reloaded assembly
- Completed reload, in  0.584 seconds
Domain Reload Profiling:
	ReloadAssembly (585ms)
		BeginReloadAssembly (81ms)
			ExecutionOrderSort (0ms)
			DisableScriptedObjects (2ms)
			BackupInstance (0ms)
			ReleaseScriptingObjects (0ms)
			CreateAndSetChildDomain (24ms)
		EndReloadAssembly (465ms)
			LoadAssemblies (60ms)
			RebuildTransferFunctionScriptingTraits (0ms)
			SetupTypeCache (156ms)
			ReleaseScriptCaches (1ms)
			RebuildScriptCaches (21ms)
			SetupLoadedEditorAssemblies (183ms)
				LogAssemblyErrors (0ms)
				InitializePlatformSupportModulesInManaged (5ms)
				SetLoadedEditorAssemblies (0ms)
				RefreshPlugins (0ms)
				BeforeProcessingInitializeOnLoad (47ms)
				ProcessInitializeOnLoadAttributes (118ms)
				ProcessInitializeOnLoadMethodAttributes (8ms)
				AfterProcessingInitializeOnLoad (5ms)
				EditorAssembliesLoaded (0ms)
			ExecutionOrderSort2 (0ms)
			AwakeInstancesAfterBackupRestoration (1ms)
Platform modules already initialized, skipping
Refreshing native plugins compatible for Editor in 0.34 ms, found 2 plugins.
Preloading 0 native plugins for Editor in 0.00 ms.
Unloading 1568 Unused Serialized files (Serialized files now loaded: 0)
System memory in use before: 89.0 MB.
System memory in use after: 89.0 MB.

Unloading 12 unused Assets to reduce memory usage. Loaded Objects now: 2091.
Total: 2.120800 ms (FindLiveObjects: 0.117700 ms CreateObjectMapping: 0.043100 ms MarkObjects: 1.907100 ms  DeleteObjects: 0.052200 ms)

AssetImportParameters requested are different than current active one (requested -> active):
  custom:framework-win-MediaFoundation: 216162199b28c13a410421893ffa2e32 -> 
  custom:video-decoder-ogg-theora: a1e56fd34408186e4bbccfd4996cb3dc -> 
  custom:container-muxer-webm: aa71ff27fc2769a1b78a27578f13a17b -> 
  custom:container-demuxer-webm: 4f35f7cbe854078d1ac9338744f61a02 -> 
  custom:container-demuxer-ogg: 62fdf1f143b41e24485cea50d1cbac27 -> 
  custom:video-encoder-webm-vp8: eb34c28f22e8b96e1ab97ce403110664 -> 
  custom:video-decoder-webm-vp8: 9c59270c3fd7afecdb556c50c9e8de78 -> 
  custom:audio-decoder-ogg-vorbis: bf7c407c2cedff20999df2af8eb42d56 -> 
  custom:audio-encoder-webm-vorbis: bf7c407c2cedff20999df2af8eb42d56 -> 
========================================================================
Received Import Request.
  Time since last request: 812.122385 seconds.
  path: Assets/Materials/hotbar.png
  artifactKey: Guid(5da216498e8da0b44b5c467a55986b4f) Importer(815301076,1909f56bfc062723c751e8b465ee728b)
Start importing Assets/Materials/hotbar.png using Guid(5da216498e8da0b44b5c467a55986b4f) Importer(815301076,1909f56bfc062723c751e8b465ee728b)  -> (artifact id: '37e89aaf0632b47347de8ddbe36925b7') in 0.051092 seconds 
========================================================================
Received Import Request.
  Time since last request: 7.233864 seconds.
  path: Assets/Materials/hotbar.png
  artifactKey: Guid(5da216498e8da0b44b5c467a55986b4f) Importer(815301076,1909f56bfc062723c751e8b465ee728b)
Start importing Assets/Materials/hotbar.png using Guid(5da216498e8da0b44b5c467a55986b4f) Importer(815301076,1909f56bfc062723c751e8b465ee728b)  -> (artifact id: '52239e569e6a0dfb071fcac13fce6f65') in 0.019027 seconds 
========================================================================
Received Prepare
Registering precompiled user dll's ...
Registered in 0.001164 seconds.
Begin MonoManager ReloadAssembly
Native extension for LinuxStandalone target not found
Native extension for WindowsStandalone target not found
Native extension for OSXStandalone target not found
Native extension for WebGL target not found
Refreshing native plugins compatible for Editor in 0.34 ms, found 2 plugins.
Preloading 0 native plugins for Editor in 0.00 ms.
Mono: successfully reloaded assembly
- Completed reload, in  0.586 seconds
Domain Reload Profiling:
	ReloadAssembly (586ms)
		BeginReloadAssembly (79ms)
			ExecutionOrderSort (0ms)
			DisableScriptedObjects (3ms)
			BackupInstance (0ms)
			ReleaseScriptingObjects (0ms)
			CreateAndSetChildDomain (23ms)
		EndReloadAssembly (468ms)
			LoadAssemblies (60ms)
			RebuildTransferFunctionScriptingTraits (0ms)
			SetupTypeCache (156ms)
			ReleaseScriptCaches (1ms)
			RebuildScriptCaches (22ms)
			SetupLoadedEditorAssemblies (186ms)
				LogAssemblyErrors (0ms)
				InitializePlatformSupportModulesInManaged (5ms)
				SetLoadedEditorAssemblies (0ms)
				RefreshPlugins (0ms)
				BeforeProcessingInitializeOnLoad (48ms)
				ProcessInitializeOnLoadAttributes (119ms)
				ProcessInitializeOnLoadMethodAttributes (8ms)
				AfterProcessingInitializeOnLoad (5ms)
				EditorAssembliesLoaded (0ms)
			ExecutionOrderSort2 (0ms)
			AwakeInstancesAfterBackupRestoration (2ms)
Platform modules already initialized, skipping
Refreshing native plugins compatible for Editor in 0.35 ms, found 2 plugins.
Preloading 0 native plugins for Editor in 0.00 ms.
Unloading 1568 Unused Serialized files (Serialized files now loaded: 0)
System memory in use before: 89.0 MB.
System memory in use after: 89.1 MB.

Unloading 12 unused Assets to reduce memory usage. Loaded Objects now: 2098.
Total: 2.202600 ms (FindLiveObjects: 0.113600 ms CreateObjectMapping: 0.039700 ms MarkObjects: 1.992000 ms  DeleteObjects: 0.056400 ms)

AssetImportParameters requested are different than current active one (requested -> active):
  custom:framework-win-MediaFoundation: 216162199b28c13a410421893ffa2e32 -> 
  custom:video-decoder-ogg-theora: a1e56fd34408186e4bbccfd4996cb3dc -> 
  custom:container-muxer-webm: aa71ff27fc2769a1b78a27578f13a17b -> 
  custom:container-demuxer-webm: 4f35f7cbe854078d1ac9338744f61a02 -> 
  custom:container-demuxer-ogg: 62fdf1f143b41e24485cea50d1cbac27 -> 
  custom:video-encoder-webm-vp8: eb34c28f22e8b96e1ab97ce403110664 -> 
  custom:video-decoder-webm-vp8: 9c59270c3fd7afecdb556c50c9e8de78 -> 
  custom:audio-decoder-ogg-vorbis: bf7c407c2cedff20999df2af8eb42d56 -> 
  custom:audio-encoder-webm-vorbis: bf7c407c2cedff20999df2af8eb42d56 -> 
========================================================================
Received Import Request.
  Time since last request: 143.515998 seconds.
  path: Assets/Materials/hotbar 1.png
  artifactKey: Guid(5edf44d210e66b642a0af0b7764b2230) Importer(815301076,1909f56bfc062723c751e8b465ee728b)
Start importing Assets/Materials/hotbar 1.png using Guid(5edf44d210e66b642a0af0b7764b2230) Importer(815301076,1909f56bfc062723c751e8b465ee728b)  -> (artifact id: 'cdb8671b445feebbe80b8ead0732e305') in 0.025595 seconds 
========================================================================
Received Import Request.
  Time since last request: 6.744105 seconds.
  path: Assets/Materials/hotbar 1.png
  artifactKey: Guid(5edf44d210e66b642a0af0b7764b2230) Importer(815301076,1909f56bfc062723c751e8b465ee728b)
Start importing Assets/Materials/hotbar 1.png using Guid(5edf44d210e66b642a0af0b7764b2230) Importer(815301076,1909f56bfc062723c751e8b465ee728b)  -> (artifact id: 'a66dde309c3b161e463e1cd7f522a267') in 0.020371 seconds 
========================================================================
Received Import Request.
  Time since last request: 106.028787 seconds.
  path: Assets/Materials/hotbarSlot.png
  artifactKey: Guid(a213e01249b9df04aa97ad9342f2db62) Importer(815301076,1909f56bfc062723c751e8b465ee728b)
Start importing Assets/Materials/hotbarSlot.png using Guid(a213e01249b9df04aa97ad9342f2db62) Importer(815301076,1909f56bfc062723c751e8b465ee728b)  -> (artifact id: 'bc8b4bc39829f24c71a4896685f7bc25') in 0.007165 seconds 
========================================================================
Received Import Request.
  Time since last request: 6.569724 seconds.
  path: Assets/Materials/hotbarSlot.png
  artifactKey: Guid(a213e01249b9df04aa97ad9342f2db62) Importer(815301076,1909f56bfc062723c751e8b465ee728b)
Start importing Assets/Materials/hotbarSlot.png using Guid(a213e01249b9df04aa97ad9342f2db62) Importer(815301076,1909f56bfc062723c751e8b465ee728b)  -> (artifact id: '7eaa6904c6a0ff6789aa9fa5105cda27') in 0.010567 seconds 
========================================================================
Received Import Request.
  Time since last request: 57.802012 seconds.
  path: Assets/Materials/hotbarSlot 1.png
  artifactKey: Guid(8373f4ab6e8735649a33fd14ccb4a182) Importer(815301076,1909f56bfc062723c751e8b465ee728b)
Start importing Assets/Materials/hotbarSlot 1.png using Guid(8373f4ab6e8735649a33fd14ccb4a182) Importer(815301076,1909f56bfc062723c751e8b465ee728b)  -> (artifact id: '559fe5e1ec797e3547df10bf9d97ba30') in 0.006738 seconds 
========================================================================
Received Import Request.
  Time since last request: 7.398700 seconds.
  path: Assets/Materials/hotbarSlot 1.png
  artifactKey: Guid(8373f4ab6e8735649a33fd14ccb4a182) Importer(815301076,1909f56bfc062723c751e8b465ee728b)
Start importing Assets/Materials/hotbarSlot 1.png using Guid(8373f4ab6e8735649a33fd14ccb4a182) Importer(815301076,1909f56bfc062723c751e8b465ee728b)  -> (artifact id: '1415252a82c56c6be69b53c1ab70d3ed') in 0.011067 seconds 
========================================================================
Received Import Request.
  Time since last request: 27.620516 seconds.
  path: Assets/Materials/hotbarSlot.png
  artifactKey: Guid(a213e01249b9df04aa97ad9342f2db62) Importer(815301076,1909f56bfc062723c751e8b465ee728b)
Start importing Assets/Materials/hotbarSlot.png using Guid(a213e01249b9df04aa97ad9342f2db62) Importer(815301076,1909f56bfc062723c751e8b465ee728b)  -> (artifact id: '770159b7cb483dbf6e98cfdc1524aa41') in 0.005782 seconds 
========================================================================
Received Import Request.
  Time since last request: 8.718791 seconds.
  path: Assets/Materials/hotbarSlot.png
  artifactKey: Guid(a213e01249b9df04aa97ad9342f2db62) Importer(815301076,1909f56bfc062723c751e8b465ee728b)
Start importing Assets/Materials/hotbarSlot.png using Guid(a213e01249b9df04aa97ad9342f2db62) Importer(815301076,1909f56bfc062723c751e8b465ee728b)  -> (artifact id: 'ff40cac7c28e576c0565cf03fcbfbf10') in 0.009662 seconds 
========================================================================
Received Prepare
Registering precompiled user dll's ...
Registered in 0.001287 seconds.
Begin MonoManager ReloadAssembly
Native extension for LinuxStandalone target not found
Native extension for WindowsStandalone target not found
Native extension for OSXStandalone target not found
Native extension for WebGL target not found
Refreshing native plugins compatible for Editor in 0.35 ms, found 2 plugins.
Preloading 0 native plugins for Editor in 0.00 ms.
Mono: successfully reloaded assembly
- Completed reload, in  0.592 seconds
Domain Reload Profiling:
	ReloadAssembly (592ms)
		BeginReloadAssembly (77ms)
			ExecutionOrderSort (0ms)
			DisableScriptedObjects (3ms)
			BackupInstance (0ms)
			ReleaseScriptingObjects (0ms)
			CreateAndSetChildDomain (22ms)
		EndReloadAssembly (476ms)
			LoadAssemblies (60ms)
			RebuildTransferFunctionScriptingTraits (0ms)
			SetupTypeCache (159ms)
			ReleaseScriptCaches (1ms)
			RebuildScriptCaches (22ms)
			SetupLoadedEditorAssemblies (190ms)
				LogAssemblyErrors (0ms)
				InitializePlatformSupportModulesInManaged (5ms)
				SetLoadedEditorAssemblies (0ms)
				RefreshPlugins (0ms)
				BeforeProcessingInitializeOnLoad (48ms)
				ProcessInitializeOnLoadAttributes (124ms)
				ProcessInitializeOnLoadMethodAttributes (8ms)
				AfterProcessingInitializeOnLoad (4ms)
				EditorAssembliesLoaded (0ms)
			ExecutionOrderSort2 (0ms)
			AwakeInstancesAfterBackupRestoration (1ms)
Platform modules already initialized, skipping
Refreshing native plugins compatible for Editor in 0.34 ms, found 2 plugins.
Preloading 0 native plugins for Editor in 0.00 ms.
Unloading 1568 Unused Serialized files (Serialized files now loaded: 0)
System memory in use before: 89.0 MB.
System memory in use after: 89.1 MB.

Unloading 12 unused Assets to reduce memory usage. Loaded Objects now: 2105.
Total: 2.169100 ms (FindLiveObjects: 0.128600 ms CreateObjectMapping: 0.049800 ms MarkObjects: 1.930200 ms  DeleteObjects: 0.059700 ms)

AssetImportParameters requested are different than current active one (requested -> active):
  custom:framework-win-MediaFoundation: 216162199b28c13a410421893ffa2e32 -> 
  custom:video-decoder-ogg-theora: a1e56fd34408186e4bbccfd4996cb3dc -> 
  custom:container-muxer-webm: aa71ff27fc2769a1b78a27578f13a17b -> 
  custom:container-demuxer-webm: 4f35f7cbe854078d1ac9338744f61a02 -> 
  custom:container-demuxer-ogg: 62fdf1f143b41e24485cea50d1cbac27 -> 
  custom:video-encoder-webm-vp8: eb34c28f22e8b96e1ab97ce403110664 -> 
  custom:video-decoder-webm-vp8: 9c59270c3fd7afecdb556c50c9e8de78 -> 
  custom:audio-decoder-ogg-vorbis: bf7c407c2cedff20999df2af8eb42d56 -> 
  custom:audio-encoder-webm-vorbis: bf7c407c2cedff20999df2af8eb42d56 -> 
========================================================================
Received Import Request.
  Time since last request: 106.117955 seconds.
  path: Assets/Materials/hotbarSelection.png
  artifactKey: Guid(c09d168a6762dac4987f3becfc5bf256) Importer(815301076,1909f56bfc062723c751e8b465ee728b)
Start importing Assets/Materials/hotbarSelection.png using Guid(c09d168a6762dac4987f3becfc5bf256) Importer(815301076,1909f56bfc062723c751e8b465ee728b)  -> (artifact id: 'b87ce92831c2bf8bc2450d1c57ed7c96') in 0.025021 seconds 
========================================================================
Received Import Request.
  Time since last request: 7.244239 seconds.
  path: Assets/Materials/hotbarSelection.png
  artifactKey: Guid(c09d168a6762dac4987f3becfc5bf256) Importer(815301076,1909f56bfc062723c751e8b465ee728b)
Start importing Assets/Materials/hotbarSelection.png using Guid(c09d168a6762dac4987f3becfc5bf256) Importer(815301076,1909f56bfc062723c751e8b465ee728b)  -> (artifact id: '75428c5e58b131c9d1ac6d7c05176b8d') in 0.019711 seconds 
========================================================================
Received Import Request.
  Time since last request: 106.616607 seconds.
  path: Assets/Materials/hotbarselection 1.png
  artifactKey: Guid(bee0c79b1b700564e9dd9c1fb17a73e9) Importer(815301076,1909f56bfc062723c751e8b465ee728b)
Start importing Assets/Materials/hotbarselection 1.png using Guid(bee0c79b1b700564e9dd9c1fb17a73e9) Importer(815301076,1909f56bfc062723c751e8b465ee728b)  -> (artifact id: '6a6df67b5657b9656fd9c5c6e43d5a00') in 0.006409 seconds 
========================================================================
Received Import Request.
  Time since last request: 6.200368 seconds.
  path: Assets/Materials/hotbarselection 1.png
  artifactKey: Guid(bee0c79b1b700564e9dd9c1fb17a73e9) Importer(815301076,1909f56bfc062723c751e8b465ee728b)
Start importing Assets/Materials/hotbarselection 1.png using Guid(bee0c79b1b700564e9dd9c1fb17a73e9) Importer(815301076,1909f56bfc062723c751e8b465ee728b)  -> (artifact id: 'd2e67c9f504e635be191f1807fdb6ce2') in 0.051586 seconds 
========================================================================
Received Prepare
Registering precompiled user dll's ...
Registered in 0.001164 seconds.
Begin MonoManager ReloadAssembly
Native extension for LinuxStandalone target not found
Native extension for WindowsStandalone target not found
Native extension for OSXStandalone target not found
Native extension for WebGL target not found
Refreshing native plugins compatible for Editor in 0.35 ms, found 2 plugins.
Preloading 0 native plugins for Editor in 0.00 ms.
Mono: successfully reloaded assembly
- Completed reload, in  0.582 seconds
Domain Reload Profiling:
	ReloadAssembly (583ms)
		BeginReloadAssembly (78ms)
			ExecutionOrderSort (0ms)
			DisableScriptedObjects (3ms)
			BackupInstance (0ms)
			ReleaseScriptingObjects (0ms)
			CreateAndSetChildDomain (22ms)
		EndReloadAssembly (466ms)
			LoadAssemblies (59ms)
			RebuildTransferFunctionScriptingTraits (0ms)
			SetupTypeCache (152ms)
			ReleaseScriptCaches (1ms)
			RebuildScriptCaches (22ms)
			SetupLoadedEditorAssemblies (187ms)
				LogAssemblyErrors (0ms)
				InitializePlatformSupportModulesInManaged (5ms)
				SetLoadedEditorAssemblies (0ms)
				RefreshPlugins (0ms)
				BeforeProcessingInitializeOnLoad (48ms)
				ProcessInitializeOnLoadAttributes (120ms)
				ProcessInitializeOnLoadMethodAttributes (8ms)
				AfterProcessingInitializeOnLoad (5ms)
				EditorAssembliesLoaded (0ms)
			ExecutionOrderSort2 (0ms)
			AwakeInstancesAfterBackupRestoration (1ms)
Platform modules already initialized, skipping
Refreshing native plugins compatible for Editor in 0.34 ms, found 2 plugins.
Preloading 0 native plugins for Editor in 0.00 ms.
Unloading 1568 Unused Serialized files (Serialized files now loaded: 0)
System memory in use before: 89.1 MB.
System memory in use after: 89.1 MB.

Unloading 12 unused Assets to reduce memory usage. Loaded Objects now: 2113.
Total: 1.995000 ms (FindLiveObjects: 0.099800 ms CreateObjectMapping: 0.031500 ms MarkObjects: 1.808600 ms  DeleteObjects: 0.054200 ms)

AssetImportParameters requested are different than current active one (requested -> active):
  custom:framework-win-MediaFoundation: 216162199b28c13a410421893ffa2e32 -> 
  custom:video-decoder-ogg-theora: a1e56fd34408186e4bbccfd4996cb3dc -> 
  custom:container-muxer-webm: aa71ff27fc2769a1b78a27578f13a17b -> 
  custom:container-demuxer-webm: 4f35f7cbe854078d1ac9338744f61a02 -> 
  custom:container-demuxer-ogg: 62fdf1f143b41e24485cea50d1cbac27 -> 
  custom:video-encoder-webm-vp8: eb34c28f22e8b96e1ab97ce403110664 -> 
  custom:video-decoder-webm-vp8: 9c59270c3fd7afecdb556c50c9e8de78 -> 
  custom:audio-decoder-ogg-vorbis: bf7c407c2cedff20999df2af8eb42d56 -> 
  custom:audio-encoder-webm-vorbis: bf7c407c2cedff20999df2af8eb42d56 -> 
========================================================================
Received Import Request.
  Time since last request: 42.482188 seconds.
  path: Assets/Materials/hotbarselection.png
  artifactKey: Guid(c09d168a6762dac4987f3becfc5bf256) Importer(815301076,1909f56bfc062723c751e8b465ee728b)
Start importing Assets/Materials/hotbarselection.png using Guid(c09d168a6762dac4987f3becfc5bf256) Importer(815301076,1909f56bfc062723c751e8b465ee728b)  -> (artifact id: 'c636c0f57d6fd687573ea6471a1cc2ef') in 0.025547 seconds 
========================================================================
Received Import Request.
  Time since last request: 5.411824 seconds.
  path: Assets/Materials/hotbarselection.png
  artifactKey: Guid(c09d168a6762dac4987f3becfc5bf256) Importer(815301076,1909f56bfc062723c751e8b465ee728b)
Start importing Assets/Materials/hotbarselection.png using Guid(c09d168a6762dac4987f3becfc5bf256) Importer(815301076,1909f56bfc062723c751e8b465ee728b)  -> (artifact id: '6af3fb5c6ba1237dfb254b952bfbdb7d') in 0.028742 seconds 
========================================================================
Received Prepare
Registering precompiled user dll's ...
Registered in 0.001185 seconds.
Begin MonoManager ReloadAssembly
Native extension for LinuxStandalone target not found
Native extension for WindowsStandalone target not found
Native extension for OSXStandalone target not found
Native extension for WebGL target not found
Refreshing native plugins compatible for Editor in 0.34 ms, found 2 plugins.
Preloading 0 native plugins for Editor in 0.00 ms.
Mono: successfully reloaded assembly
- Completed reload, in  0.580 seconds
Domain Reload Profiling:
	ReloadAssembly (581ms)
		BeginReloadAssembly (77ms)
			ExecutionOrderSort (0ms)
			DisableScriptedObjects (3ms)
			BackupInstance (0ms)
			ReleaseScriptingObjects (0ms)
			CreateAndSetChildDomain (22ms)
		EndReloadAssembly (464ms)
			LoadAssemblies (59ms)
			RebuildTransferFunctionScriptingTraits (0ms)
			SetupTypeCache (153ms)
			ReleaseScriptCaches (1ms)
			RebuildScriptCaches (22ms)
			SetupLoadedEditorAssemblies (182ms)
				LogAssemblyErrors (0ms)
				InitializePlatformSupportModulesInManaged (5ms)
				SetLoadedEditorAssemblies (0ms)
				RefreshPlugins (0ms)
				BeforeProcessingInitializeOnLoad (47ms)
				ProcessInitializeOnLoadAttributes (117ms)
				ProcessInitializeOnLoadMethodAttributes (8ms)
				AfterProcessingInitializeOnLoad (5ms)
				EditorAssembliesLoaded (0ms)
			ExecutionOrderSort2 (0ms)
			AwakeInstancesAfterBackupRestoration (1ms)
Platform modules already initialized, skipping
Refreshing native plugins compatible for Editor in 0.36 ms, found 2 plugins.
Preloading 0 native plugins for Editor in 0.00 ms.
Unloading 1568 Unused Serialized files (Serialized files now loaded: 0)
System memory in use before: 89.1 MB.
System memory in use after: 89.1 MB.

Unloading 12 unused Assets to reduce memory usage. Loaded Objects now: 2117.
Total: 2.170600 ms (FindLiveObjects: 0.123100 ms CreateObjectMapping: 0.039800 ms MarkObjects: 1.945400 ms  DeleteObjects: 0.061300 ms)

AssetImportParameters requested are different than current active one (requested -> active):
  custom:framework-win-MediaFoundation: 216162199b28c13a410421893ffa2e32 -> 
  custom:video-decoder-ogg-theora: a1e56fd34408186e4bbccfd4996cb3dc -> 
  custom:container-muxer-webm: aa71ff27fc2769a1b78a27578f13a17b -> 
  custom:container-demuxer-webm: 4f35f7cbe854078d1ac9338744f61a02 -> 
  custom:container-demuxer-ogg: 62fdf1f143b41e24485cea50d1cbac27 -> 
  custom:video-encoder-webm-vp8: eb34c28f22e8b96e1ab97ce403110664 -> 
  custom:video-decoder-webm-vp8: 9c59270c3fd7afecdb556c50c9e8de78 -> 
  custom:audio-decoder-ogg-vorbis: bf7c407c2cedff20999df2af8eb42d56 -> 
  custom:audio-encoder-webm-vorbis: bf7c407c2cedff20999df2af8eb42d56 -> 
========================================================================
Received Import Request.
  Time since last request: 39.875794 seconds.
  path: Assets/Materials/hotbarselection 1.png
  artifactKey: Guid(bee0c79b1b700564e9dd9c1fb17a73e9) Importer(815301076,1909f56bfc062723c751e8b465ee728b)
Start importing Assets/Materials/hotbarselection 1.png using Guid(bee0c79b1b700564e9dd9c1fb17a73e9) Importer(815301076,1909f56bfc062723c751e8b465ee728b)  -> (artifact id: '6d4d32ea1bd9f2c8132a44236aa0297e') in 0.023811 seconds 
========================================================================
Received Import Request.
  Time since last request: 6.179127 seconds.
  path: Assets/Materials/hotbarselection 1.png
  artifactKey: Guid(bee0c79b1b700564e9dd9c1fb17a73e9) Importer(815301076,1909f56bfc062723c751e8b465ee728b)
Start importing Assets/Materials/hotbarselection 1.png using Guid(bee0c79b1b700564e9dd9c1fb17a73e9) Importer(815301076,1909f56bfc062723c751e8b465ee728b)  -> (artifact id: '06319bea18106db359b8a86aab17ae17') in 0.018835 seconds 
========================================================================
Received Prepare
Registering precompiled user dll's ...
Registered in 0.001314 seconds.
Begin MonoManager ReloadAssembly
Native extension for LinuxStandalone target not found
Native extension for WindowsStandalone target not found
Native extension for OSXStandalone target not found
Native extension for WebGL target not found
Refreshing native plugins compatible for Editor in 0.34 ms, found 2 plugins.
Preloading 0 native plugins for Editor in 0.00 ms.
Mono: successfully reloaded assembly
- Completed reload, in  0.584 seconds
Domain Reload Profiling:
	ReloadAssembly (584ms)
		BeginReloadAssembly (79ms)
			ExecutionOrderSort (0ms)
			DisableScriptedObjects (3ms)
			BackupInstance (0ms)
			ReleaseScriptingObjects (0ms)
			CreateAndSetChildDomain (22ms)
		EndReloadAssembly (466ms)
			LoadAssemblies (61ms)
			RebuildTransferFunctionScriptingTraits (0ms)
			SetupTypeCache (151ms)
			ReleaseScriptCaches (1ms)
			RebuildScriptCaches (22ms)
			SetupLoadedEditorAssemblies (187ms)
				LogAssemblyErrors (0ms)
				InitializePlatformSupportModulesInManaged (5ms)
				SetLoadedEditorAssemblies (0ms)
				RefreshPlugins (0ms)
				BeforeProcessingInitializeOnLoad (49ms)
				ProcessInitializeOnLoadAttributes (119ms)
				ProcessInitializeOnLoadMethodAttributes (8ms)
				AfterProcessingInitializeOnLoad (5ms)
				EditorAssembliesLoaded (0ms)
			ExecutionOrderSort2 (0ms)
			AwakeInstancesAfterBackupRestoration (1ms)
Platform modules already initialized, skipping
Refreshing native plugins compatible for Editor in 0.34 ms, found 2 plugins.
Preloading 0 native plugins for Editor in 0.00 ms.
Unloading 1568 Unused Serialized files (Serialized files now loaded: 0)
System memory in use before: 89.1 MB.
System memory in use after: 89.2 MB.

Unloading 12 unused Assets to reduce memory usage. Loaded Objects now: 2121.
Total: 2.097300 ms (FindLiveObjects: 0.109200 ms CreateObjectMapping: 0.043200 ms MarkObjects: 1.892900 ms  DeleteObjects: 0.051300 ms)

AssetImportParameters requested are different than current active one (requested -> active):
  custom:framework-win-MediaFoundation: 216162199b28c13a410421893ffa2e32 -> 
  custom:video-decoder-ogg-theora: a1e56fd34408186e4bbccfd4996cb3dc -> 
  custom:container-muxer-webm: aa71ff27fc2769a1b78a27578f13a17b -> 
  custom:container-demuxer-webm: 4f35f7cbe854078d1ac9338744f61a02 -> 
  custom:container-demuxer-ogg: 62fdf1f143b41e24485cea50d1cbac27 -> 
  custom:video-encoder-webm-vp8: eb34c28f22e8b96e1ab97ce403110664 -> 
  custom:video-decoder-webm-vp8: 9c59270c3fd7afecdb556c50c9e8de78 -> 
  custom:audio-decoder-ogg-vorbis: bf7c407c2cedff20999df2af8eb42d56 -> 
  custom:audio-encoder-webm-vorbis: bf7c407c2cedff20999df2af8eb42d56 -> 
========================================================================
Received Import Request.
  Time since last request: 24.051007 seconds.
  path: Assets/Materials/hotbarselection.png
  artifactKey: Guid(bee0c79b1b700564e9dd9c1fb17a73e9) Importer(815301076,1909f56bfc062723c751e8b465ee728b)
Start importing Assets/Materials/hotbarselection.png using Guid(bee0c79b1b700564e9dd9c1fb17a73e9) Importer(815301076,1909f56bfc062723c751e8b465ee728b)  -> (artifact id: '7afa1d177ae7ed2a9de523c00d6fadf1') in 0.032820 seconds 
========================================================================
Received Import Request.
  Time since last request: 185.728750 seconds.
  path: Assets/Materials/inventoryBackground.png
  artifactKey: Guid(e5bb38366b8050142bd84d0f139c371a) Importer(815301076,1909f56bfc062723c751e8b465ee728b)
Start importing Assets/Materials/inventoryBackground.png using Guid(e5bb38366b8050142bd84d0f139c371a) Importer(815301076,1909f56bfc062723c751e8b465ee728b)  -> (artifact id: '8f9abf07afdd9efe9db402559f45da6d') in 0.018280 seconds 
========================================================================
Received Import Request.
  Time since last request: 7.868255 seconds.
  path: Assets/Materials/inventoryBackground.png
  artifactKey: Guid(e5bb38366b8050142bd84d0f139c371a) Importer(815301076,1909f56bfc062723c751e8b465ee728b)
Start importing Assets/Materials/inventoryBackground.png using Guid(e5bb38366b8050142bd84d0f139c371a) Importer(815301076,1909f56bfc062723c751e8b465ee728b)  -> (artifact id: '3499d0bea7828f7ed0edb7e23cd6528f') in 0.025276 seconds 
========================================================================
Received Import Request.
  Time since last request: 179.862360 seconds.
  path: Assets/Materials/binBackground.png
  artifactKey: Guid(7715b7f975443fe409ad08d171dda988) Importer(815301076,1909f56bfc062723c751e8b465ee728b)
Start importing Assets/Materials/binBackground.png using Guid(7715b7f975443fe409ad08d171dda988) Importer(815301076,1909f56bfc062723c751e8b465ee728b)  -> (artifact id: '95a580f65b82d5249dc9105809565361') in 0.010431 seconds 
========================================================================
Received Import Request.
  Time since last request: 6.120306 seconds.
  path: Assets/Materials/binBackground.png
  artifactKey: Guid(7715b7f975443fe409ad08d171dda988) Importer(815301076,1909f56bfc062723c751e8b465ee728b)
Start importing Assets/Materials/binBackground.png using Guid(7715b7f975443fe409ad08d171dda988) Importer(815301076,1909f56bfc062723c751e8b465ee728b)  -> (artifact id: '0cd5eac31054ed50ea1dbbba2d2335d7') in 0.024137 seconds 
========================================================================
Received Import Request.
  Time since last request: 119.519678 seconds.
  path: Assets/Materials/inventoryHeaderBackground.png
  artifactKey: Guid(46571ac2692e3024c8bb388ad0c56706) Importer(815301076,1909f56bfc062723c751e8b465ee728b)
Start importing Assets/Materials/inventoryHeaderBackground.png using Guid(46571ac2692e3024c8bb388ad0c56706) Importer(815301076,1909f56bfc062723c751e8b465ee728b)  -> (artifact id: 'a6642ddbae2208aaf4915454db87be7f') in 0.009632 seconds 
========================================================================
Received Import Request.
  Time since last request: 7.472630 seconds.
  path: Assets/Materials/inventoryHeaderBackground.png
  artifactKey: Guid(46571ac2692e3024c8bb388ad0c56706) Importer(815301076,1909f56bfc062723c751e8b465ee728b)
Start importing Assets/Materials/inventoryHeaderBackground.png using Guid(46571ac2692e3024c8bb388ad0c56706) Importer(815301076,1909f56bfc062723c751e8b465ee728b)  -> (artifact id: '7a514b2a76103deba4eb1ba9bdbdeb33') in 0.010459 seconds 
========================================================================
Received Import Request.
  Time since last request: 46.631108 seconds.
  path: Assets/Materials/inventoryHeaderBackground 1.png
  artifactKey: Guid(1eb86166b21ebd74592c44b6b930ba50) Importer(815301076,1909f56bfc062723c751e8b465ee728b)
Start importing Assets/Materials/inventoryHeaderBackground 1.png using Guid(1eb86166b21ebd74592c44b6b930ba50) Importer(815301076,1909f56bfc062723c751e8b465ee728b)  -> (artifact id: 'c0463165531402f48e55b97c5c491185') in 0.007441 seconds 
========================================================================
Received Import Request.
  Time since last request: 5.235119 seconds.
  path: Assets/Materials/inventoryHeaderBackground 1.png
  artifactKey: Guid(1eb86166b21ebd74592c44b6b930ba50) Importer(815301076,1909f56bfc062723c751e8b465ee728b)
Start importing Assets/Materials/inventoryHeaderBackground 1.png using Guid(1eb86166b21ebd74592c44b6b930ba50) Importer(815301076,1909f56bfc062723c751e8b465ee728b)  -> (artifact id: '5e732f42abb48b1845d8ad6ba9cb9db9') in 0.012225 seconds 
========================================================================
Received Import Request.
  Time since last request: 26.831922 seconds.
  path: Assets/Materials/inventoryHeaderBackground 1.png
  artifactKey: Guid(1eb86166b21ebd74592c44b6b930ba50) Importer(815301076,1909f56bfc062723c751e8b465ee728b)
Start importing Assets/Materials/inventoryHeaderBackground 1.png using Guid(1eb86166b21ebd74592c44b6b930ba50) Importer(815301076,1909f56bfc062723c751e8b465ee728b)  -> (artifact id: '40677ab5c85d13b8756400373e8dde47') in 0.007323 seconds 
========================================================================
Received Import Request.
  Time since last request: 6.878420 seconds.
  path: Assets/Materials/inventoryHeaderBackground 1.png
  artifactKey: Guid(1eb86166b21ebd74592c44b6b930ba50) Importer(815301076,1909f56bfc062723c751e8b465ee728b)
Start importing Assets/Materials/inventoryHeaderBackground 1.png using Guid(1eb86166b21ebd74592c44b6b930ba50) Importer(815301076,1909f56bfc062723c751e8b465ee728b)  -> (artifact id: 'bec23f3cdff5fdaa5d5abe5d1424cc94') in 0.008257 seconds 
========================================================================
Received Import Request.
  Time since last request: 56.599839 seconds.
  path: Assets/Materials/binBackground 1.png
  artifactKey: Guid(a29f7850b48ec1c4ba5f2f5c6ccbfdc7) Importer(815301076,1909f56bfc062723c751e8b465ee728b)
Start importing Assets/Materials/binBackground 1.png using Guid(a29f7850b48ec1c4ba5f2f5c6ccbfdc7) Importer(815301076,1909f56bfc062723c751e8b465ee728b)  -> (artifact id: 'c6548b908b0e12c756323214d350b931') in 0.008015 seconds 
========================================================================
Received Import Request.
  Time since last request: 5.789568 seconds.
  path: Assets/Materials/binBackground 1.png
  artifactKey: Guid(a29f7850b48ec1c4ba5f2f5c6ccbfdc7) Importer(815301076,1909f56bfc062723c751e8b465ee728b)
Start importing Assets/Materials/binBackground 1.png using Guid(a29f7850b48ec1c4ba5f2f5c6ccbfdc7) Importer(815301076,1909f56bfc062723c751e8b465ee728b)  -> (artifact id: 'b5deb83b22e6da22440078035c40bb43') in 0.009802 seconds 
========================================================================
Received Prepare
Registering precompiled user dll's ...
Registered in 0.001178 seconds.
Begin MonoManager ReloadAssembly
Native extension for LinuxStandalone target not found
Native extension for WindowsStandalone target not found
Native extension for OSXStandalone target not found
Native extension for WebGL target not found
Refreshing native plugins compatible for Editor in 0.34 ms, found 2 plugins.
Preloading 0 native plugins for Editor in 0.00 ms.
Mono: successfully reloaded assembly
- Completed reload, in  0.594 seconds
Domain Reload Profiling:
	ReloadAssembly (594ms)
		BeginReloadAssembly (78ms)
			ExecutionOrderSort (0ms)
			DisableScriptedObjects (3ms)
			BackupInstance (0ms)
			ReleaseScriptingObjects (0ms)
			CreateAndSetChildDomain (22ms)
		EndReloadAssembly (476ms)
			LoadAssemblies (60ms)
			RebuildTransferFunctionScriptingTraits (0ms)
			SetupTypeCache (160ms)
			ReleaseScriptCaches (1ms)
			RebuildScriptCaches (23ms)
			SetupLoadedEditorAssemblies (186ms)
				LogAssemblyErrors (0ms)
				InitializePlatformSupportModulesInManaged (5ms)
				SetLoadedEditorAssemblies (0ms)
				RefreshPlugins (0ms)
				BeforeProcessingInitializeOnLoad (49ms)
				ProcessInitializeOnLoadAttributes (118ms)
				ProcessInitializeOnLoadMethodAttributes (9ms)
				AfterProcessingInitializeOnLoad (5ms)
				EditorAssembliesLoaded (0ms)
			ExecutionOrderSort2 (0ms)
			AwakeInstancesAfterBackupRestoration (1ms)
Platform modules already initialized, skipping
Refreshing native plugins compatible for Editor in 0.34 ms, found 2 plugins.
Preloading 0 native plugins for Editor in 0.00 ms.
Unloading 1568 Unused Serialized files (Serialized files now loaded: 0)
System memory in use before: 89.1 MB.
System memory in use after: 89.2 MB.

Unloading 12 unused Assets to reduce memory usage. Loaded Objects now: 2132.
Total: 1.967700 ms (FindLiveObjects: 0.098600 ms CreateObjectMapping: 0.032000 ms MarkObjects: 1.780900 ms  DeleteObjects: 0.055700 ms)

AssetImportParameters requested are different than current active one (requested -> active):
  custom:framework-win-MediaFoundation: 216162199b28c13a410421893ffa2e32 -> 
  custom:video-decoder-ogg-theora: a1e56fd34408186e4bbccfd4996cb3dc -> 
  custom:container-muxer-webm: aa71ff27fc2769a1b78a27578f13a17b -> 
  custom:container-demuxer-webm: 4f35f7cbe854078d1ac9338744f61a02 -> 
  custom:container-demuxer-ogg: 62fdf1f143b41e24485cea50d1cbac27 -> 
  custom:video-encoder-webm-vp8: eb34c28f22e8b96e1ab97ce403110664 -> 
  custom:video-decoder-webm-vp8: 9c59270c3fd7afecdb556c50c9e8de78 -> 
  custom:audio-decoder-ogg-vorbis: bf7c407c2cedff20999df2af8eb42d56 -> 
  custom:audio-encoder-webm-vorbis: bf7c407c2cedff20999df2af8eb42d56 -> 
========================================================================
Received Import Request.
  Time since last request: 194.614049 seconds.
  path: Assets/Materials/Rock.png
  artifactKey: Guid(2bafd68f39043ae49889dd7c92a9df7e) Importer(815301076,1909f56bfc062723c751e8b465ee728b)
Start importing Assets/Materials/Rock.png using Guid(2bafd68f39043ae49889dd7c92a9df7e) Importer(815301076,1909f56bfc062723c751e8b465ee728b)  -> (artifact id: 'ead1bb1d1a1ff078c83420be5d266683') in 0.025601 seconds 
========================================================================
Received Import Request.
  Time since last request: 27.651539 seconds.
  path: Assets/Materials/Rock.png
  artifactKey: Guid(2bafd68f39043ae49889dd7c92a9df7e) Importer(815301076,1909f56bfc062723c751e8b465ee728b)
Start importing Assets/Materials/Rock.png using Guid(2bafd68f39043ae49889dd7c92a9df7e) Importer(815301076,1909f56bfc062723c751e8b465ee728b)  -> (artifact id: '039d94a299187b7246dd0c6cf7cf3341') in 0.017314 seconds 
========================================================================
Received Prepare
Registering precompiled user dll's ...
Registered in 0.001212 seconds.
Begin MonoManager ReloadAssembly
Native extension for LinuxStandalone target not found
Native extension for WindowsStandalone target not found
Native extension for OSXStandalone target not found
Native extension for WebGL target not found
Refreshing native plugins compatible for Editor in 0.34 ms, found 2 plugins.
Preloading 0 native plugins for Editor in 0.00 ms.
Mono: successfully reloaded assembly
- Completed reload, in  0.585 seconds
Domain Reload Profiling:
	ReloadAssembly (585ms)
		BeginReloadAssembly (80ms)
			ExecutionOrderSort (0ms)
			DisableScriptedObjects (3ms)
			BackupInstance (0ms)
			ReleaseScriptingObjects (0ms)
			CreateAndSetChildDomain (22ms)
		EndReloadAssembly (466ms)
			LoadAssemblies (62ms)
			RebuildTransferFunctionScriptingTraits (0ms)
			SetupTypeCache (153ms)
			ReleaseScriptCaches (1ms)
			RebuildScriptCaches (22ms)
			SetupLoadedEditorAssemblies (186ms)
				LogAssemblyErrors (0ms)
				InitializePlatformSupportModulesInManaged (5ms)
				SetLoadedEditorAssemblies (0ms)
				RefreshPlugins (0ms)
				BeforeProcessingInitializeOnLoad (48ms)
				ProcessInitializeOnLoadAttributes (119ms)
				ProcessInitializeOnLoadMethodAttributes (9ms)
				AfterProcessingInitializeOnLoad (5ms)
				EditorAssembliesLoaded (0ms)
			ExecutionOrderSort2 (0ms)
			AwakeInstancesAfterBackupRestoration (1ms)
Platform modules already initialized, skipping
Refreshing native plugins compatible for Editor in 0.35 ms, found 2 plugins.
Preloading 0 native plugins for Editor in 0.00 ms.
Unloading 1568 Unused Serialized files (Serialized files now loaded: 0)
System memory in use before: 89.1 MB.
System memory in use after: 89.2 MB.

Unloading 12 unused Assets to reduce memory usage. Loaded Objects now: 2138.
Total: 2.302400 ms (FindLiveObjects: 0.094700 ms CreateObjectMapping: 0.030900 ms MarkObjects: 2.121600 ms  DeleteObjects: 0.054500 ms)

AssetImportParameters requested are different than current active one (requested -> active):
  custom:framework-win-MediaFoundation: 216162199b28c13a410421893ffa2e32 -> 
  custom:video-decoder-ogg-theora: a1e56fd34408186e4bbccfd4996cb3dc -> 
  custom:container-muxer-webm: aa71ff27fc2769a1b78a27578f13a17b -> 
  custom:container-demuxer-webm: 4f35f7cbe854078d1ac9338744f61a02 -> 
  custom:container-demuxer-ogg: 62fdf1f143b41e24485cea50d1cbac27 -> 
  custom:video-encoder-webm-vp8: eb34c28f22e8b96e1ab97ce403110664 -> 
  custom:video-decoder-webm-vp8: 9c59270c3fd7afecdb556c50c9e8de78 -> 
  custom:audio-decoder-ogg-vorbis: bf7c407c2cedff20999df2af8eb42d56 -> 
  custom:audio-encoder-webm-vorbis: bf7c407c2cedff20999df2af8eb42d56 -> 
========================================================================
Received Prepare
Registering precompiled user dll's ...
Registered in 0.001281 seconds.
Begin MonoManager ReloadAssembly
Native extension for LinuxStandalone target not found
Native extension for WindowsStandalone target not found
Native extension for OSXStandalone target not found
Native extension for WebGL target not found
Refreshing native plugins compatible for Editor in 0.42 ms, found 2 plugins.
Preloading 0 native plugins for Editor in 0.00 ms.
Mono: successfully reloaded assembly
- Completed reload, in  0.736 seconds
Domain Reload Profiling:
	ReloadAssembly (737ms)
		BeginReloadAssembly (93ms)
			ExecutionOrderSort (0ms)
			DisableScriptedObjects (4ms)
			BackupInstance (0ms)
			ReleaseScriptingObjects (0ms)
			CreateAndSetChildDomain (26ms)
		EndReloadAssembly (589ms)
			LoadAssemblies (70ms)
			RebuildTransferFunctionScriptingTraits (0ms)
			SetupTypeCache (203ms)
			ReleaseScriptCaches (1ms)
			RebuildScriptCaches (65ms)
			SetupLoadedEditorAssemblies (199ms)
				LogAssemblyErrors (0ms)
				InitializePlatformSupportModulesInManaged (5ms)
				SetLoadedEditorAssemblies (0ms)
				RefreshPlugins (0ms)
				BeforeProcessingInitializeOnLoad (50ms)
				ProcessInitializeOnLoadAttributes (129ms)
				ProcessInitializeOnLoadMethodAttributes (9ms)
				AfterProcessingInitializeOnLoad (5ms)
				EditorAssembliesLoaded (0ms)
			ExecutionOrderSort2 (0ms)
			AwakeInstancesAfterBackupRestoration (2ms)
Platform modules already initialized, skipping
Refreshing native plugins compatible for Editor in 0.35 ms, found 2 plugins.
Preloading 0 native plugins for Editor in 0.00 ms.
Unloading 1568 Unused Serialized files (Serialized files now loaded: 0)
System memory in use before: 89.1 MB.
System memory in use after: 89.2 MB.

Unloading 12 unused Assets to reduce memory usage. Loaded Objects now: 2141.
Total: 2.248000 ms (FindLiveObjects: 0.156400 ms CreateObjectMapping: 0.044200 ms MarkObjects: 1.981800 ms  DeleteObjects: 0.064700 ms)

AssetImportParameters requested are different than current active one (requested -> active):
  custom:framework-win-MediaFoundation: 216162199b28c13a410421893ffa2e32 -> 
  custom:video-decoder-ogg-theora: a1e56fd34408186e4bbccfd4996cb3dc -> 
  custom:container-muxer-webm: aa71ff27fc2769a1b78a27578f13a17b -> 
  custom:container-demuxer-webm: 4f35f7cbe854078d1ac9338744f61a02 -> 
  custom:container-demuxer-ogg: 62fdf1f143b41e24485cea50d1cbac27 -> 
  custom:video-encoder-webm-vp8: eb34c28f22e8b96e1ab97ce403110664 -> 
  custom:video-decoder-webm-vp8: 9c59270c3fd7afecdb556c50c9e8de78 -> 
  custom:audio-decoder-ogg-vorbis: bf7c407c2cedff20999df2af8eb42d56 -> 
  custom:audio-encoder-webm-vorbis: bf7c407c2cedff20999df2af8eb42d56 -> 
========================================================================
Received Prepare
Registering precompiled user dll's ...
Registered in 0.001226 seconds.
Begin MonoManager ReloadAssembly
Native extension for LinuxStandalone target not found
Native extension for WindowsStandalone target not found
Native extension for OSXStandalone target not found
Native extension for WebGL target not found
Refreshing native plugins compatible for Editor in 0.35 ms, found 2 plugins.
Preloading 0 native plugins for Editor in 0.00 ms.
Mono: successfully reloaded assembly
- Completed reload, in  0.601 seconds
Domain Reload Profiling:
	ReloadAssembly (601ms)
		BeginReloadAssembly (82ms)
			ExecutionOrderSort (0ms)
			DisableScriptedObjects (3ms)
			BackupInstance (0ms)
			ReleaseScriptingObjects (0ms)
			CreateAndSetChildDomain (21ms)
		EndReloadAssembly (478ms)
			LoadAssemblies (65ms)
			RebuildTransferFunctionScriptingTraits (0ms)
			SetupTypeCache (162ms)
			ReleaseScriptCaches (1ms)
			RebuildScriptCaches (23ms)
			SetupLoadedEditorAssemblies (188ms)
				LogAssemblyErrors (0ms)
				InitializePlatformSupportModulesInManaged (5ms)
				SetLoadedEditorAssemblies (0ms)
				RefreshPlugins (0ms)
				BeforeProcessingInitializeOnLoad (49ms)
				ProcessInitializeOnLoadAttributes (120ms)
				ProcessInitializeOnLoadMethodAttributes (8ms)
				AfterProcessingInitializeOnLoad (5ms)
				EditorAssembliesLoaded (0ms)
			ExecutionOrderSort2 (0ms)
			AwakeInstancesAfterBackupRestoration (1ms)
Platform modules already initialized, skipping
Refreshing native plugins compatible for Editor in 0.34 ms, found 2 plugins.
Preloading 0 native plugins for Editor in 0.00 ms.
Unloading 1568 Unused Serialized files (Serialized files now loaded: 0)
System memory in use before: 89.1 MB.
System memory in use after: 89.2 MB.

Unloading 12 unused Assets to reduce memory usage. Loaded Objects now: 2144.
Total: 2.165200 ms (FindLiveObjects: 0.122400 ms CreateObjectMapping: 0.036300 ms MarkObjects: 1.949700 ms  DeleteObjects: 0.056200 ms)

AssetImportParameters requested are different than current active one (requested -> active):
  custom:framework-win-MediaFoundation: 216162199b28c13a410421893ffa2e32 -> 
  custom:video-decoder-ogg-theora: a1e56fd34408186e4bbccfd4996cb3dc -> 
  custom:container-muxer-webm: aa71ff27fc2769a1b78a27578f13a17b -> 
  custom:container-demuxer-webm: 4f35f7cbe854078d1ac9338744f61a02 -> 
  custom:container-demuxer-ogg: 62fdf1f143b41e24485cea50d1cbac27 -> 
  custom:video-encoder-webm-vp8: eb34c28f22e8b96e1ab97ce403110664 -> 
  custom:video-decoder-webm-vp8: 9c59270c3fd7afecdb556c50c9e8de78 -> 
  custom:audio-decoder-ogg-vorbis: bf7c407c2cedff20999df2af8eb42d56 -> 
  custom:audio-encoder-webm-vorbis: bf7c407c2cedff20999df2af8eb42d56 -> 
========================================================================
Received Prepare
Registering precompiled user dll's ...
Registered in 0.001267 seconds.
Begin MonoManager ReloadAssembly
Native extension for LinuxStandalone target not found
Native extension for WindowsStandalone target not found
Native extension for OSXStandalone target not found
Native extension for WebGL target not found
Refreshing native plugins compatible for Editor in 0.34 ms, found 2 plugins.
Preloading 0 native plugins for Editor in 0.00 ms.
Mono: successfully reloaded assembly
- Completed reload, in  0.584 seconds
Domain Reload Profiling:
	ReloadAssembly (584ms)
		BeginReloadAssembly (78ms)
			ExecutionOrderSort (0ms)
			DisableScriptedObjects (3ms)
			BackupInstance (0ms)
			ReleaseScriptingObjects (0ms)
			CreateAndSetChildDomain (21ms)
		EndReloadAssembly (467ms)
			LoadAssemblies (60ms)
			RebuildTransferFunctionScriptingTraits (0ms)
			SetupTypeCache (151ms)
			ReleaseScriptCaches (1ms)
			RebuildScriptCaches (22ms)
			SetupLoadedEditorAssemblies (188ms)
				LogAssemblyErrors (0ms)
				InitializePlatformSupportModulesInManaged (5ms)
				SetLoadedEditorAssemblies (0ms)
				RefreshPlugins (0ms)
				BeforeProcessingInitializeOnLoad (48ms)
				ProcessInitializeOnLoadAttributes (121ms)
				ProcessInitializeOnLoadMethodAttributes (9ms)
				AfterProcessingInitializeOnLoad (5ms)
				EditorAssembliesLoaded (0ms)
			ExecutionOrderSort2 (0ms)
			AwakeInstancesAfterBackupRestoration (1ms)
Platform modules already initialized, skipping
Refreshing native plugins compatible for Editor in 0.35 ms, found 2 plugins.
Preloading 0 native plugins for Editor in 0.00 ms.
Unloading 1568 Unused Serialized files (Serialized files now loaded: 0)
System memory in use before: 89.1 MB.
System memory in use after: 89.2 MB.

Unloading 12 unused Assets to reduce memory usage. Loaded Objects now: 2147.
Total: 2.368900 ms (FindLiveObjects: 0.115100 ms CreateObjectMapping: 0.032600 ms MarkObjects: 2.157300 ms  DeleteObjects: 0.063400 ms)

AssetImportParameters requested are different than current active one (requested -> active):
  custom:framework-win-MediaFoundation: 216162199b28c13a410421893ffa2e32 -> 
  custom:video-decoder-ogg-theora: a1e56fd34408186e4bbccfd4996cb3dc -> 
  custom:container-muxer-webm: aa71ff27fc2769a1b78a27578f13a17b -> 
  custom:container-demuxer-webm: 4f35f7cbe854078d1ac9338744f61a02 -> 
  custom:container-demuxer-ogg: 62fdf1f143b41e24485cea50d1cbac27 -> 
  custom:video-encoder-webm-vp8: eb34c28f22e8b96e1ab97ce403110664 -> 
  custom:video-decoder-webm-vp8: 9c59270c3fd7afecdb556c50c9e8de78 -> 
  custom:audio-decoder-ogg-vorbis: bf7c407c2cedff20999df2af8eb42d56 -> 
  custom:audio-encoder-webm-vorbis: bf7c407c2cedff20999df2af8eb42d56 -> 
========================================================================
Received Prepare
Registering precompiled user dll's ...
Registered in 0.001224 seconds.
Begin MonoManager ReloadAssembly
Native extension for LinuxStandalone target not found
Native extension for WindowsStandalone target not found
Native extension for OSXStandalone target not found
Native extension for WebGL target not found
Refreshing native plugins compatible for Editor in 0.43 ms, found 2 plugins.
Preloading 0 native plugins for Editor in 0.00 ms.
Mono: successfully reloaded assembly
- Completed reload, in  0.591 seconds
Domain Reload Profiling:
	ReloadAssembly (591ms)
		BeginReloadAssembly (78ms)
			ExecutionOrderSort (0ms)
			DisableScriptedObjects (3ms)
			BackupInstance (0ms)
			ReleaseScriptingObjects (0ms)
			CreateAndSetChildDomain (22ms)
		EndReloadAssembly (473ms)
			LoadAssemblies (60ms)
			RebuildTransferFunctionScriptingTraits (0ms)
			SetupTypeCache (151ms)
			ReleaseScriptCaches (1ms)
			RebuildScriptCaches (23ms)
			SetupLoadedEditorAssemblies (190ms)
				LogAssemblyErrors (0ms)
				InitializePlatformSupportModulesInManaged (6ms)
				SetLoadedEditorAssemblies (0ms)
				RefreshPlugins (0ms)
				BeforeProcessingInitializeOnLoad (49ms)
				ProcessInitializeOnLoadAttributes (121ms)
				ProcessInitializeOnLoadMethodAttributes (9ms)
				AfterProcessingInitializeOnLoad (5ms)
				EditorAssembliesLoaded (0ms)
			ExecutionOrderSort2 (0ms)
			AwakeInstancesAfterBackupRestoration (1ms)
Platform modules already initialized, skipping
Refreshing native plugins compatible for Editor in 0.37 ms, found 2 plugins.
Preloading 0 native plugins for Editor in 0.00 ms.
Unloading 1568 Unused Serialized files (Serialized files now loaded: 0)
System memory in use before: 89.1 MB.
System memory in use after: 89.2 MB.

Unloading 12 unused Assets to reduce memory usage. Loaded Objects now: 2150.
Total: 2.225200 ms (FindLiveObjects: 0.112500 ms CreateObjectMapping: 0.031100 ms MarkObjects: 2.016100 ms  DeleteObjects: 0.062700 ms)

AssetImportParameters requested are different than current active one (requested -> active):
  custom:framework-win-MediaFoundation: 216162199b28c13a410421893ffa2e32 -> 
  custom:video-decoder-ogg-theora: a1e56fd34408186e4bbccfd4996cb3dc -> 
  custom:container-muxer-webm: aa71ff27fc2769a1b78a27578f13a17b -> 
  custom:container-demuxer-webm: 4f35f7cbe854078d1ac9338744f61a02 -> 
  custom:container-demuxer-ogg: 62fdf1f143b41e24485cea50d1cbac27 -> 
  custom:video-encoder-webm-vp8: eb34c28f22e8b96e1ab97ce403110664 -> 
  custom:video-decoder-webm-vp8: 9c59270c3fd7afecdb556c50c9e8de78 -> 
  custom:audio-decoder-ogg-vorbis: bf7c407c2cedff20999df2af8eb42d56 -> 
  custom:audio-encoder-webm-vorbis: bf7c407c2cedff20999df2af8eb42d56 -> 
========================================================================
Received Import Request.
  Time since last request: 336.409827 seconds.
  path: Assets/Materials/binBackground 2.png
  artifactKey: Guid(f7e7639505307474681f8e74b4c4518b) Importer(815301076,1909f56bfc062723c751e8b465ee728b)
Start importing Assets/Materials/binBackground 2.png using Guid(f7e7639505307474681f8e74b4c4518b) Importer(815301076,1909f56bfc062723c751e8b465ee728b)  -> (artifact id: 'a959a44872b8f0762050d06400475973') in 0.035476 seconds 
========================================================================
Received Import Request.
  Time since last request: 6.143539 seconds.
  path: Assets/Materials/binBackground 2.png
  artifactKey: Guid(f7e7639505307474681f8e74b4c4518b) Importer(815301076,1909f56bfc062723c751e8b465ee728b)
Start importing Assets/Materials/binBackground 2.png using Guid(f7e7639505307474681f8e74b4c4518b) Importer(815301076,1909f56bfc062723c751e8b465ee728b)  -> (artifact id: '6b668a41ea78d25d099fbbcf0cef5d14') in 0.023438 seconds 
========================================================================
Received Prepare
Registering precompiled user dll's ...
Registered in 0.001412 seconds.
Begin MonoManager ReloadAssembly
Native extension for LinuxStandalone target not found
Native extension for WindowsStandalone target not found
Native extension for OSXStandalone target not found
Native extension for WebGL target not found
Refreshing native plugins compatible for Editor in 0.36 ms, found 2 plugins.
Preloading 0 native plugins for Editor in 0.00 ms.
Mono: successfully reloaded assembly
- Completed reload, in  0.582 seconds
Domain Reload Profiling:
	ReloadAssembly (582ms)
		BeginReloadAssembly (78ms)
			ExecutionOrderSort (0ms)
			DisableScriptedObjects (3ms)
			BackupInstance (0ms)
			ReleaseScriptingObjects (0ms)
			CreateAndSetChildDomain (22ms)
		EndReloadAssembly (465ms)
			LoadAssemblies (60ms)
			RebuildTransferFunctionScriptingTraits (0ms)
			SetupTypeCache (153ms)
			ReleaseScriptCaches (1ms)
			RebuildScriptCaches (22ms)
			SetupLoadedEditorAssemblies (185ms)
				LogAssemblyErrors (0ms)
				InitializePlatformSupportModulesInManaged (5ms)
				SetLoadedEditorAssemblies (0ms)
				RefreshPlugins (0ms)
				BeforeProcessingInitializeOnLoad (48ms)
				ProcessInitializeOnLoadAttributes (118ms)
				ProcessInitializeOnLoadMethodAttributes (8ms)
				AfterProcessingInitializeOnLoad (5ms)
				EditorAssembliesLoaded (0ms)
			ExecutionOrderSort2 (0ms)
			AwakeInstancesAfterBackupRestoration (1ms)
Platform modules already initialized, skipping
Refreshing native plugins compatible for Editor in 0.34 ms, found 2 plugins.
Preloading 0 native plugins for Editor in 0.00 ms.
Unloading 1568 Unused Serialized files (Serialized files now loaded: 0)
System memory in use before: 89.1 MB.
System memory in use after: 89.2 MB.

Unloading 12 unused Assets to reduce memory usage. Loaded Objects now: 2154.
Total: 2.233300 ms (FindLiveObjects: 0.126500 ms CreateObjectMapping: 0.033400 ms MarkObjects: 2.019100 ms  DeleteObjects: 0.053700 ms)

AssetImportParameters requested are different than current active one (requested -> active):
  custom:framework-win-MediaFoundation: 216162199b28c13a410421893ffa2e32 -> 
  custom:video-decoder-ogg-theora: a1e56fd34408186e4bbccfd4996cb3dc -> 
  custom:container-muxer-webm: aa71ff27fc2769a1b78a27578f13a17b -> 
  custom:container-demuxer-webm: 4f35f7cbe854078d1ac9338744f61a02 -> 
  custom:container-demuxer-ogg: 62fdf1f143b41e24485cea50d1cbac27 -> 
  custom:video-encoder-webm-vp8: eb34c28f22e8b96e1ab97ce403110664 -> 
  custom:video-decoder-webm-vp8: 9c59270c3fd7afecdb556c50c9e8de78 -> 
  custom:audio-decoder-ogg-vorbis: bf7c407c2cedff20999df2af8eb42d56 -> 
  custom:audio-encoder-webm-vorbis: bf7c407c2cedff20999df2af8eb42d56 -> 
========================================================================
Received Prepare
Registering precompiled user dll's ...
Registered in 0.001190 seconds.
Begin MonoManager ReloadAssembly
Native extension for LinuxStandalone target not found
Native extension for WindowsStandalone target not found
Native extension for OSXStandalone target not found
Native extension for WebGL target not found
Refreshing native plugins compatible for Editor in 0.35 ms, found 2 plugins.
Preloading 0 native plugins for Editor in 0.00 ms.
Mono: successfully reloaded assembly
- Completed reload, in  0.591 seconds
Domain Reload Profiling:
	ReloadAssembly (592ms)
		BeginReloadAssembly (78ms)
			ExecutionOrderSort (0ms)
			DisableScriptedObjects (3ms)
			BackupInstance (0ms)
			ReleaseScriptingObjects (0ms)
			CreateAndSetChildDomain (21ms)
		EndReloadAssembly (475ms)
			LoadAssemblies (60ms)
			RebuildTransferFunctionScriptingTraits (0ms)
			SetupTypeCache (152ms)
			ReleaseScriptCaches (1ms)
			RebuildScriptCaches (22ms)
			SetupLoadedEditorAssemblies (194ms)
				LogAssemblyErrors (0ms)
				InitializePlatformSupportModulesInManaged (5ms)
				SetLoadedEditorAssemblies (0ms)
				RefreshPlugins (0ms)
				BeforeProcessingInitializeOnLoad (51ms)
				ProcessInitializeOnLoadAttributes (125ms)
				ProcessInitializeOnLoadMethodAttributes (9ms)
				AfterProcessingInitializeOnLoad (5ms)
				EditorAssembliesLoaded (0ms)
			ExecutionOrderSort2 (0ms)
			AwakeInstancesAfterBackupRestoration (1ms)
Platform modules already initialized, skipping
Refreshing native plugins compatible for Editor in 0.37 ms, found 2 plugins.
Preloading 0 native plugins for Editor in 0.00 ms.
Unloading 1568 Unused Serialized files (Serialized files now loaded: 0)
System memory in use before: 89.2 MB.
System memory in use after: 89.2 MB.

Unloading 12 unused Assets to reduce memory usage. Loaded Objects now: 2157.
Total: 2.171300 ms (FindLiveObjects: 0.118900 ms CreateObjectMapping: 0.037900 ms MarkObjects: 1.959200 ms  DeleteObjects: 0.054800 ms)

AssetImportParameters requested are different than current active one (requested -> active):
  custom:framework-win-MediaFoundation: 216162199b28c13a410421893ffa2e32 -> 
  custom:video-decoder-ogg-theora: a1e56fd34408186e4bbccfd4996cb3dc -> 
  custom:container-muxer-webm: aa71ff27fc2769a1b78a27578f13a17b -> 
  custom:container-demuxer-webm: 4f35f7cbe854078d1ac9338744f61a02 -> 
  custom:container-demuxer-ogg: 62fdf1f143b41e24485cea50d1cbac27 -> 
  custom:video-encoder-webm-vp8: eb34c28f22e8b96e1ab97ce403110664 -> 
  custom:video-decoder-webm-vp8: 9c59270c3fd7afecdb556c50c9e8de78 -> 
  custom:audio-decoder-ogg-vorbis: bf7c407c2cedff20999df2af8eb42d56 -> 
  custom:audio-encoder-webm-vorbis: bf7c407c2cedff20999df2af8eb42d56 -> 
========================================================================
Received Import Request.
  Time since last request: 96.548491 seconds.
  path: Assets/Materials/binBackground 1.png
  artifactKey: Guid(a29f7850b48ec1c4ba5f2f5c6ccbfdc7) Importer(815301076,1909f56bfc062723c751e8b465ee728b)
Start importing Assets/Materials/binBackground 1.png using Guid(a29f7850b48ec1c4ba5f2f5c6ccbfdc7) Importer(815301076,1909f56bfc062723c751e8b465ee728b)  -> (artifact id: '6ef26b69ada98a0b104646875e3d2892') in 0.026819 seconds 
========================================================================
Received Import Request.
  Time since last request: 6.773239 seconds.
  path: Assets/Materials/binBackground 1.png
  artifactKey: Guid(a29f7850b48ec1c4ba5f2f5c6ccbfdc7) Importer(815301076,1909f56bfc062723c751e8b465ee728b)
Start importing Assets/Materials/binBackground 1.png using Guid(a29f7850b48ec1c4ba5f2f5c6ccbfdc7) Importer(815301076,1909f56bfc062723c751e8b465ee728b)  -> (artifact id: 'c4dec5210ef2793637ff9860273f511f') in 0.025247 seconds 
========================================================================
Received Prepare
Registering precompiled user dll's ...
Registered in 0.001314 seconds.
Begin MonoManager ReloadAssembly
Native extension for LinuxStandalone target not found
Native extension for WindowsStandalone target not found
Native extension for OSXStandalone target not found
Native extension for WebGL target not found
Refreshing native plugins compatible for Editor in 0.34 ms, found 2 plugins.
Preloading 0 native plugins for Editor in 0.00 ms.
Mono: successfully reloaded assembly
- Completed reload, in  0.581 seconds
Domain Reload Profiling:
	ReloadAssembly (581ms)
		BeginReloadAssembly (77ms)
			ExecutionOrderSort (0ms)
			DisableScriptedObjects (3ms)
			BackupInstance (0ms)
			ReleaseScriptingObjects (0ms)
			CreateAndSetChildDomain (21ms)
		EndReloadAssembly (466ms)
			LoadAssemblies (59ms)
			RebuildTransferFunctionScriptingTraits (0ms)
			SetupTypeCache (154ms)
			ReleaseScriptCaches (1ms)
			RebuildScriptCaches (22ms)
			SetupLoadedEditorAssemblies (184ms)
				LogAssemblyErrors (0ms)
				InitializePlatformSupportModulesInManaged (5ms)
				SetLoadedEditorAssemblies (0ms)
				RefreshPlugins (0ms)
				BeforeProcessingInitializeOnLoad (47ms)
				ProcessInitializeOnLoadAttributes (118ms)
				ProcessInitializeOnLoadMethodAttributes (8ms)
				AfterProcessingInitializeOnLoad (5ms)
				EditorAssembliesLoaded (0ms)
			ExecutionOrderSort2 (0ms)
			AwakeInstancesAfterBackupRestoration (1ms)
Platform modules already initialized, skipping
Refreshing native plugins compatible for Editor in 0.35 ms, found 2 plugins.
Preloading 0 native plugins for Editor in 0.00 ms.
Unloading 1568 Unused Serialized files (Serialized files now loaded: 0)
System memory in use before: 89.2 MB.
System memory in use after: 89.2 MB.

Unloading 12 unused Assets to reduce memory usage. Loaded Objects now: 2161.
Total: 2.009500 ms (FindLiveObjects: 0.095500 ms CreateObjectMapping: 0.031300 ms MarkObjects: 1.830600 ms  DeleteObjects: 0.051500 ms)

AssetImportParameters requested are different than current active one (requested -> active):
  custom:framework-win-MediaFoundation: 216162199b28c13a410421893ffa2e32 -> 
  custom:video-decoder-ogg-theora: a1e56fd34408186e4bbccfd4996cb3dc -> 
  custom:container-muxer-webm: aa71ff27fc2769a1b78a27578f13a17b -> 
  custom:container-demuxer-webm: 4f35f7cbe854078d1ac9338744f61a02 -> 
  custom:container-demuxer-ogg: 62fdf1f143b41e24485cea50d1cbac27 -> 
  custom:video-encoder-webm-vp8: eb34c28f22e8b96e1ab97ce403110664 -> 
  custom:video-decoder-webm-vp8: 9c59270c3fd7afecdb556c50c9e8de78 -> 
  custom:audio-decoder-ogg-vorbis: bf7c407c2cedff20999df2af8eb42d56 -> 
  custom:audio-encoder-webm-vorbis: bf7c407c2cedff20999df2af8eb42d56 -> 
========================================================================
Received Import Request.
  Time since last request: 75.672044 seconds.
  path: Assets/Materials/UI
  artifactKey: Guid(231fe375493b1244fa79c8e06bee674a) Importer(815301076,1909f56bfc062723c751e8b465ee728b)
Start importing Assets/Materials/UI using Guid(231fe375493b1244fa79c8e06bee674a) Importer(815301076,1909f56bfc062723c751e8b465ee728b)  -> (artifact id: '10575b558063343fbf72b6d199d480b7') in 0.005694 seconds 
========================================================================
Received Import Request.
  Time since last request: 256.252139 seconds.
  path: Assets/Materials/UI/pausemenuButtons.png
  artifactKey: Guid(d09efb1f61bedc7429279b3a94ac2b4a) Importer(815301076,1909f56bfc062723c751e8b465ee728b)
Start importing Assets/Materials/UI/pausemenuButtons.png using Guid(d09efb1f61bedc7429279b3a94ac2b4a) Importer(815301076,1909f56bfc062723c751e8b465ee728b)  -> (artifact id: '353b7df33fd050d0c06a0d9f23f8aeb5') in 0.023113 seconds 
========================================================================
Received Import Request.
  Time since last request: 5.289562 seconds.
  path: Assets/Materials/UI/pausemenuButtons.png
  artifactKey: Guid(d09efb1f61bedc7429279b3a94ac2b4a) Importer(815301076,1909f56bfc062723c751e8b465ee728b)
Start importing Assets/Materials/UI/pausemenuButtons.png using Guid(d09efb1f61bedc7429279b3a94ac2b4a) Importer(815301076,1909f56bfc062723c751e8b465ee728b)  -> (artifact id: '58e06a3854854aa91b0218bc561efafa') in 0.021253 seconds 
========================================================================
Received Import Request.
  Time since last request: 101.121768 seconds.
  path: Assets/Scenes/MainMenu.unity
  artifactKey: Guid(eb382122ef671b947b053a6f9409f680) Importer(815301076,1909f56bfc062723c751e8b465ee728b)
Start importing Assets/Scenes/MainMenu.unity using Guid(eb382122ef671b947b053a6f9409f680) Importer(815301076,1909f56bfc062723c751e8b465ee728b)  -> (artifact id: '26c259614ca63a3af25db952f78a51ae') in 0.003815 seconds 
========================================================================
Received Import Request.
  Time since last request: 9.069606 seconds.
  path: Assets/Scenes/Main Level.unity
  artifactKey: Guid(9fc0d4010bbf28b4594072e72b8655ab) Importer(815301076,1909f56bfc062723c751e8b465ee728b)
Start importing Assets/Scenes/Main Level.unity using Guid(9fc0d4010bbf28b4594072e72b8655ab) Importer(815301076,1909f56bfc062723c751e8b465ee728b)  -> (artifact id: 'd74fb519255d1b23ba67f40ccc0a189a') in 0.003979 seconds 
========================================================================
Received Import Request.
  Time since last request: 78.488893 seconds.
  path: Assets/Scenes/Main Level.unity
  artifactKey: Guid(9fc0d4010bbf28b4594072e72b8655ab) Importer(815301076,1909f56bfc062723c751e8b465ee728b)
Start importing Assets/Scenes/Main Level.unity using Guid(9fc0d4010bbf28b4594072e72b8655ab) Importer(815301076,1909f56bfc062723c751e8b465ee728b)  -> (artifact id: 'e05983e7bcacc4bff221a49afdb00db3') in 0.001216 seconds 
========================================================================
Received Prepare
Registering precompiled user dll's ...
Registered in 0.001713 seconds.
Begin MonoManager ReloadAssembly
Native extension for LinuxStandalone target not found
Native extension for WindowsStandalone target not found
Native extension for OSXStandalone target not found
Native extension for WebGL target not found
Refreshing native plugins compatible for Editor in 0.34 ms, found 2 plugins.
Preloading 0 native plugins for Editor in 0.00 ms.
Mono: successfully reloaded assembly
- Completed reload, in  0.580 seconds
Domain Reload Profiling:
	ReloadAssembly (580ms)
		BeginReloadAssembly (79ms)
			ExecutionOrderSort (0ms)
			DisableScriptedObjects (3ms)
			BackupInstance (0ms)
			ReleaseScriptingObjects (0ms)
			CreateAndSetChildDomain (23ms)
		EndReloadAssembly (462ms)
			LoadAssemblies (59ms)
			RebuildTransferFunctionScriptingTraits (0ms)
			SetupTypeCache (151ms)
			ReleaseScriptCaches (1ms)
			RebuildScriptCaches (22ms)
			SetupLoadedEditorAssemblies (185ms)
				LogAssemblyErrors (0ms)
				InitializePlatformSupportModulesInManaged (5ms)
				SetLoadedEditorAssemblies (0ms)
				RefreshPlugins (0ms)
				BeforeProcessingInitializeOnLoad (47ms)
				ProcessInitializeOnLoadAttributes (119ms)
				ProcessInitializeOnLoadMethodAttributes (8ms)
				AfterProcessingInitializeOnLoad (5ms)
				EditorAssembliesLoaded (0ms)
			ExecutionOrderSort2 (0ms)
			AwakeInstancesAfterBackupRestoration (1ms)
Platform modules already initialized, skipping
Refreshing native plugins compatible for Editor in 0.34 ms, found 2 plugins.
Preloading 0 native plugins for Editor in 0.00 ms.
Unloading 1568 Unused Serialized files (Serialized files now loaded: 0)
System memory in use before: 89.2 MB.
System memory in use after: 89.3 MB.

Unloading 12 unused Assets to reduce memory usage. Loaded Objects now: 2168.
Total: 2.092200 ms (FindLiveObjects: 0.128800 ms CreateObjectMapping: 0.039100 ms MarkObjects: 1.870100 ms  DeleteObjects: 0.053600 ms)

AssetImportParameters requested are different than current active one (requested -> active):
  custom:framework-win-MediaFoundation: 216162199b28c13a410421893ffa2e32 -> 
  custom:video-decoder-ogg-theora: a1e56fd34408186e4bbccfd4996cb3dc -> 
  custom:container-muxer-webm: aa71ff27fc2769a1b78a27578f13a17b -> 
  custom:container-demuxer-webm: 4f35f7cbe854078d1ac9338744f61a02 -> 
  custom:container-demuxer-ogg: 62fdf1f143b41e24485cea50d1cbac27 -> 
  custom:video-encoder-webm-vp8: eb34c28f22e8b96e1ab97ce403110664 -> 
  custom:video-decoder-webm-vp8: 9c59270c3fd7afecdb556c50c9e8de78 -> 
  custom:audio-decoder-ogg-vorbis: bf7c407c2cedff20999df2af8eb42d56 -> 
  custom:audio-encoder-webm-vorbis: bf7c407c2cedff20999df2af8eb42d56 -> 
========================================================================
Received Prepare
Refreshing native plugins compatible for Editor in 1.59 ms, found 2 plugins.
Preloading 0 native plugins for Editor in 0.00 ms.
Unloading 10 Unused Serialized files (Serialized files now loaded: 0)
System memory in use before: 58.2 MB.
System memory in use after: 58.3 MB.

Unloading 10 unused Assets to reduce memory usage. Loaded Objects now: 2168.
Total: 2.176000 ms (FindLiveObjects: 0.134700 ms CreateObjectMapping: 0.039800 ms MarkObjects: 1.951300 ms  DeleteObjects: 0.049700 ms)

AssetImportParameters requested are different than current active one (requested -> active):
  custom:framework-win-MediaFoundation: 216162199b28c13a410421893ffa2e32 -> 
  custom:video-decoder-ogg-theora: a1e56fd34408186e4bbccfd4996cb3dc -> 
  custom:container-muxer-webm: aa71ff27fc2769a1b78a27578f13a17b -> 
  custom:container-demuxer-webm: 4f35f7cbe854078d1ac9338744f61a02 -> 
  custom:container-demuxer-ogg: 62fdf1f143b41e24485cea50d1cbac27 -> 
  custom:video-encoder-webm-vp8: eb34c28f22e8b96e1ab97ce403110664 -> 
  custom:video-decoder-webm-vp8: 9c59270c3fd7afecdb556c50c9e8de78 -> 
  custom:audio-decoder-ogg-vorbis: bf7c407c2cedff20999df2af8eb42d56 -> 
  custom:audio-encoder-webm-vorbis: bf7c407c2cedff20999df2af8eb42d56 -> 
AssetImportWorkerClient::OnTransportError - code=2 error=End of file
